
> photo-quest@0.3.3 dev:server C:\Users\rollo\photo-quest
> pnpm --filter @photo-quest/server dev


> @photo-quest/server@0.3.3 dev C:\Users\rollo\photo-quest\packages\server
> node --experimental-sqlite boot.js

16:52:33.277 [boot] Initialising database...
16:52:33.524 [db] Initialised (loaded from disk)
16:52:33.525 [boot] Loading ops and endpoints...
16:52:33.528 
*************************************************************
16:52:33.529   ej6b4  |  @photo-quest/server@0.3.3  |  kojo@9.0.4
16:52:33.530 ~~~~~~~~~~~~~~~~~~~~~~~~~~~~~~~~~~~~~~~~~~~~~~~~~~~~~~~~~~~~~
16:52:33.534     loading ops...16:52:33.707  done (12)
16:52:33.708     loading endpoints...16:52:33.741  photo-quest DEBUG [addHttpRoute] POST /media/:id/transcode
16:52:33.838  photo-quest DEBUG [addHttpRoute] GET /media
16:52:33.839  photo-quest DEBUG [addHttpRoute] GET /folders
16:52:33.839  photo-quest DEBUG [addHttpRoute] PATCH /folders/:id
16:52:33.840  photo-quest DEBUG [addHttpRoute] GET /media/:id/status
16:52:33.840  photo-quest DEBUG [addHttpRoute] PATCH /media/:id/like
16:52:33.841  photo-quest DEBUG [addHttpRoute] PATCH /media/:id/title
16:52:33.841  photo-quest DEBUG [addHttpRoute] PATCH /media/:id/tags
16:52:33.841  photo-quest DEBUG [addHttpRoute] POST /media/scan
16:52:33.842  photo-quest DEBUG [addHttpRoute] GET /scans
16:52:33.843  photo-quest DEBUG [addHttpRoute] POST /media/add
16:52:33.843  photo-quest DEBUG [addHttpRoute] POST /open-folder
16:52:33.844  photo-quest DEBUG [addHttpRoute] DELETE /media/:id
16:52:33.844  photo-quest DEBUG [addHttpRoute] DELETE /media/folder/:id
16:52:33.845  photo-quest DEBUG [addHttpRoute] GET /stream/:id
16:52:33.845  photo-quest DEBUG [addHttpRoute] GET /image/:id
16:52:33.846  photo-quest DEBUG [addHttpRoute] GET /tags
16:52:33.847  photo-quest DEBUG [addHttpRoute] GET /jobs/events
16:52:33.847  photo-quest DEBUG [addHttpRoute] GET /network
16:52:33.848  photo-quest DEBUG [addHttpRoute] POST /library/pick
16:52:33.848  photo-quest DEBUG [addHttpRoute] POST /library/connect
16:52:33.849  photo-quest DEBUG [addHttpRoute] GET /media/:id
16:52:33.850  photo-quest DEBUG [addHttpRoute] POST /scans/:id/cancel
16:52:33.851  photo-quest DEBUG [addHttpRoute] POST /media/check-path
16:52:33.851  photo-quest DEBUG [addHttpRoute] GET /thumb/:id
16:52:33.851  done (25)
16:52:33.852     kojo "photo-quest" ready [undefined]
16:52:33.852 *************************************************************
16:52:33.852 [boot] 25 routes registered
16:52:33.872  photo-quest INFO [requestMiddleware] Port 7837 is free
16:52:33.882  photo-quest INFO [requestMiddleware] Open app → http://localhost:7838
16:52:33.883  photo-quest INFO [requestMiddleware] Network  → http://10.0.0.3:7838
C:\Users\rollo\photo-quest\packages\server:
 ERR_PNPM_RECURSIVE_RUN_FIRST_FAIL  @photo-quest/server@0.3.3 dev: `node --experimental-sqlite boot.js`
Exit status 1
 ELIFECYCLE  Command failed with exit code 1.
